<?xml version="1.0" encoding="UTF-8"?>
<testng-results ignored="0" total="1" passed="1" failed="0" skipped="0">
  <reporter-output>
  </reporter-output>
  <suite started-at="2026-08-02T16:39:14 SGT" name="Default suite" finished-at="2026-08-02T16:39:15 SGT" duration-ms="1250">
    <groups>
    </groups>
    <test started-at="2026-08-02T16:39:14 SGT" name="Default test" finished-at="2026-08-02T16:39:15 SGT" duration-ms="1250">
      <class name="com.restassured.framework.tests.UserAPITest">
        <test-method is-config="true" signature="beforeSuite()[pri:0, instance:com.restassured.framework.tests.UserAPITest@27ce24aa]" started-at="2026-08-02T16:39:13 SGT" name="beforeSuite" finished-at="2026-08-02T16:39:14 SGT" duration-ms="547" status="PASS">
          <reporter-output>
          </reporter-output>
        </test-method> <!-- beforeSuite -->
        <test-method signature="verifyGetUser()[pri:0, instance:com.restassured.framework.tests.UserAPITest@27ce24aa]" started-at="2026-08-02T16:39:14 SGT" name="verifyGetUser" finished-at="2026-08-02T16:39:15 SGT" duration-ms="1229" status="PASS">
          <reporter-output>
          </reporter-output>
        </test-method> <!-- verifyGetUser -->
        <test-method is-config="true" signature="afterSuite()[pri:0, instance:com.restassured.framework.tests.UserAPITest@27ce24aa]" started-at="2026-08-02T16:39:15 SGT" name="afterSuite" finished-at="2026-08-02T16:39:15 SGT" duration-ms="1" status="PASS">
          <reporter-output>
          </reporter-output>
        </test-method> <!-- afterSuite -->
      </class> <!-- com.restassured.framework.tests.UserAPITest -->
    </test> <!-- Default test -->
  </suite> <!-- Default suite -->
</testng-results>
